# JRE version: OpenJDK Runtime Environment (11.0.11+9) (build 11.0.11+9-Ubuntu-0ubuntu2.18.04)
# Java VM: OpenJDK 64-Bit Server VM (11.0.11+9-Ubuntu-0ubuntu2.18.04, mixed mode, sharing, tiered, compressed oops, parallel gc, linux-amd64)
Heap:
 PSYoungGen      total 19968K, used 425K [0x00000000eab00000, 0x00000000ec500000, 0x0000000100000000)
  eden space 19456K, 0% used [0x00000000eab00000,0x00000000eab010c0,0x00000000ebe00000)
  from space 512K, 82% used [0x00000000ebe00000,0x00000000ebe69450,0x00000000ebe80000)
  to   space 2560K, 0% used [0x00000000ec280000,0x00000000ec280000,0x00000000ec500000)
 ParOldGen       total 68608K, used 25334K [0x00000000c0000000, 0x00000000c4300000, 0x00000000eab00000)
  object space 68608K, 36% used [0x00000000c0000000,0x00000000c18bdab8,0x00000000c4300000)
 Metaspace       used 26115K, capacity 28128K, committed 28416K, reserved 1075200K
  class space    used 2516K, capacity 3236K, committed 3328K, reserved 1048576K
GC Heap History (20 events):
Event: 1,781 GC heap before
{Heap before GC invocations=5 (full 0):
 PSYoungGen      total 29696K, used 27265K [0x00000000eab00000, 0x00000000ecc00000, 0x0000000100000000)
  eden space 25600K, 90% used [0x00000000eab00000,0x00000000ec1a2420,0x00000000ec400000)
  from space 4096K, 99% used [0x00000000ec800000,0x00000000ecbfe378,0x00000000ecc00000)
  to   space 4096K, 0% used [0x00000000ec400000,0x00000000ec400000,0x00000000ec800000)
 ParOldGen       total 68608K, used 3344K [0x00000000c0000000, 0x00000000c4300000, 0x00000000eab00000)
  object space 68608K, 4% used [0x00000000c0000000,0x00000000c0344160,0x00000000c4300000)
 Metaspace       used 19423K, capacity 21125K, committed 21248K, reserved 1069056K
  class space    used 1872K, capacity 2541K, committed 2560K, reserved 1048576K
}
Event: 1,784 GC heap after
{Heap after GC invocations=5 (full 0):
 PSYoungGen      total 29696K, used 4073K [0x00000000eab00000, 0x00000000ed000000, 0x0000000100000000)
  eden space 25600K, 0% used [0x00000000eab00000,0x00000000eab00000,0x00000000ec400000)
  from space 4096K, 99% used [0x00000000ec400000,0x00000000ec7fa4d0,0x00000000ec800000)
  to   space 6144K, 0% used [0x00000000eca00000,0x00000000eca00000,0x00000000ed000000)
 ParOldGen       total 68608K, used 4952K [0x00000000c0000000, 0x00000000c4300000, 0x00000000eab00000)
  object space 68608K, 7% used [0x00000000c0000000,0x00000000c04d60f0,0x00000000c4300000)
 Metaspace       used 19423K, capacity 21125K, committed 21248K, reserved 1069056K
  class space    used 1872K, capacity 2541K, committed 2560K, reserved 1048576K
}
Event: 1,784 GC heap before
{Heap before GC invocations=6 (full 1):
 PSYoungGen      total 29696K, used 4073K [0x00000000eab00000, 0x00000000ed000000, 0x0000000100000000)
  eden space 25600K, 0% used [0x00000000eab00000,0x00000000eab00000,0x00000000ec400000)
  from space 4096K, 99% used [0x00000000ec400000,0x00000000ec7fa4d0,0x00000000ec800000)
  to   space 6144K, 0% used [0x00000000eca00000,0x00000000eca00000,0x00000000ed000000)
 ParOldGen       total 68608K, used 4952K [0x00000000c0000000, 0x00000000c4300000, 0x00000000eab00000)
  object space 68608K, 7% used [0x00000000c0000000,0x00000000c04d60f0,0x00000000c4300000)
 Metaspace       used 19423K, capacity 21125K, committed 21248K, reserved 1069056K
  class space    used 1872K, capacity 2541K, committed 2560K, reserved 1048576K
}
Event: 1,839 GC heap after
{Heap after GC invocations=6 (full 1):
 PSYoungGen      total 29696K, used 0K [0x00000000eab00000, 0x00000000ed000000, 0x0000000100000000)
  eden space 25600K, 0% used [0x00000000eab00000,0x00000000eab00000,0x00000000ec400000)
  from space 4096K, 0% used [0x00000000ec400000,0x00000000ec400000,0x00000000ec800000)
  to   space 6144K, 0% used [0x00000000eca00000,0x00000000eca00000,0x00000000ed000000)
 ParOldGen       total 68608K, used 8739K [0x00000000c0000000, 0x00000000c4300000, 0x00000000eab00000)
  object space 68608K, 12% used [0x00000000c0000000,0x00000000c0888ce8,0x00000000c4300000)
 Metaspace       used 19423K, capacity 21125K, committed 21248K, reserved 1069056K
  class space    used 1872K, capacity 2541K, committed 2560K, reserved 1048576K
}
Event: 2,049 GC heap before
{Heap before GC invocations=7 (full 1):
 PSYoungGen      total 29696K, used 25600K [0x00000000eab00000, 0x00000000ed000000, 0x0000000100000000)
  eden space 25600K, 100% used [0x00000000eab00000,0x00000000ec400000,0x00000000ec400000)
  from space 4096K, 0% used [0x00000000ec400000,0x00000000ec400000,0x00000000ec800000)
  to   space 6144K, 0% used [0x00000000eca00000,0x00000000eca00000,0x00000000ed000000)
 ParOldGen       total 68608K, used 8739K [0x00000000c0000000, 0x00000000c4300000, 0x00000000eab00000)
  object space 68608K, 12% used [0x00000000c0000000,0x00000000c0888ce8,0x00000000c4300000)
 Metaspace       used 22507K, capacity 24312K, committed 24448K, reserved 1071104K
  class space    used 2224K, capacity 2927K, committed 2944K, reserved 1048576K
}
Event: 2,055 GC heap after
{Heap after GC invocations=7 (full 1):
 PSYoungGen      total 27136K, used 1662K [0x00000000eab00000, 0x00000000ecc00000, 0x0000000100000000)
  eden space 25088K, 0% used [0x00000000eab00000,0x00000000eab00000,0x00000000ec380000)
  from space 2048K, 81% used [0x00000000eca00000,0x00000000ecb9fbb0,0x00000000ecc00000)
  to   space 3584K, 0% used [0x00000000ec500000,0x00000000ec500000,0x00000000ec880000)
 ParOldGen       total 68608K, used 8747K [0x00000000c0000000, 0x00000000c4300000, 0x00000000eab00000)
  object space 68608K, 12% used [0x00000000c0000000,0x00000000c088ace8,0x00000000c4300000)
 Metaspace       used 22507K, capacity 24312K, committed 24448K, reserved 1071104K
  class space    used 2224K, capacity 2927K, committed 2944K, reserved 1048576K
}
Event: 2,196 GC heap before
{Heap before GC invocations=8 (full 1):
 PSYoungGen      total 27136K, used 26750K [0x00000000eab00000, 0x00000000ecc00000, 0x0000000100000000)
  eden space 25088K, 100% used [0x00000000eab00000,0x00000000ec380000,0x00000000ec380000)
  from space 2048K, 81% used [0x00000000eca00000,0x00000000ecb9fbb0,0x00000000ecc00000)
  to   space 3584K, 0% used [0x00000000ec500000,0x00000000ec500000,0x00000000ec880000)
 ParOldGen       total 68608K, used 8747K [0x00000000c0000000, 0x00000000c4300000, 0x00000000eab00000)
  object space 68608K, 12% used [0x00000000c0000000,0x00000000c088ace8,0x00000000c4300000)
 Metaspace       used 23557K, capacity 25411K, committed 25600K, reserved 1071104K
  class space    used 2339K, capacity 3035K, committed 3072K, reserved 1048576K
}
Event: 2,200 GC heap after
{Heap after GC invocations=8 (full 1):
 PSYoungGen      total 28160K, used 3582K [0x00000000eab00000, 0x00000000ecb00000, 0x0000000100000000)
  eden space 24576K, 0% used [0x00000000eab00000,0x00000000eab00000,0x00000000ec300000)
  from space 3584K, 99% used [0x00000000ec500000,0x00000000ec87fbd0,0x00000000ec880000)
  to   space 2560K, 0% used [0x00000000ec880000,0x00000000ec880000,0x00000000ecb00000)
 ParOldGen       total 68608K, used 8771K [0x00000000c0000000, 0x00000000c4300000, 0x00000000eab00000)
  object space 68608K, 12% used [0x00000000c0000000,0x00000000c0890ce8,0x00000000c4300000)
 Metaspace       used 23557K, capacity 25411K, committed 25600K, reserved 1071104K
  class space    used 2339K, capacity 3035K, committed 3072K, reserved 1048576K
}
Event: 2,258 GC heap before
{Heap before GC invocations=9 (full 1):
 PSYoungGen      total 28160K, used 28158K [0x00000000eab00000, 0x00000000ecb00000, 0x0000000100000000)
  eden space 24576K, 100% used [0x00000000eab00000,0x00000000ec300000,0x00000000ec300000)
  from space 3584K, 99% used [0x00000000ec500000,0x00000000ec87fbd0,0x00000000ec880000)
  to   space 2560K, 0% used [0x00000000ec880000,0x00000000ec880000,0x00000000ecb00000)
 ParOldGen       total 68608K, used 8771K [0x00000000c0000000, 0x00000000c4300000, 0x00000000eab00000)
  object space 68608K, 12% used [0x00000000c0000000,0x00000000c0890ce8,0x00000000c4300000)
 Metaspace       used 23630K, capacity 25540K, committed 25856K, reserved 1073152K
  class space    used 2340K, capacity 3035K, committed 3072K, reserved 1048576K
}
Event: 2,263 GC heap after
{Heap after GC invocations=9 (full 1):
 PSYoungGen      total 26112K, used 2542K [0x00000000eab00000, 0x00000000ecf80000, 0x0000000100000000)
  eden space 23552K, 0% used [0x00000000eab00000,0x00000000eab00000,0x00000000ec200000)
  from space 2560K, 99% used [0x00000000ec880000,0x00000000ecafbbb0,0x00000000ecb00000)
  to   space 6656K, 0% used [0x00000000ec200000,0x00000000ec200000,0x00000000ec880000)
 ParOldGen       total 68608K, used 11984K [0x00000000c0000000, 0x00000000c4300000, 0x00000000eab00000)
  object space 68608K, 17% used [0x00000000c0000000,0x00000000c0bb4080,0x00000000c4300000)
 Metaspace       used 23630K, capacity 25540K, committed 25856K, reserved 1073152K
  class space    used 2340K, capacity 3035K, committed 3072K, reserved 1048576K
}
Event: 2,329 GC heap before
{Heap before GC invocations=10 (full 1):
 PSYoungGen      total 26112K, used 26094K [0x00000000eab00000, 0x00000000ecf80000, 0x0000000100000000)
  eden space 23552K, 100% used [0x00000000eab00000,0x00000000ec200000,0x00000000ec200000)
  from space 2560K, 99% used [0x00000000ec880000,0x00000000ecafbbb0,0x00000000ecb00000)
  to   space 6656K, 0% used [0x00000000ec200000,0x00000000ec200000,0x00000000ec880000)
 ParOldGen       total 68608K, used 11984K [0x00000000c0000000, 0x00000000c4300000, 0x00000000eab00000)
  object space 68608K, 17% used [0x00000000c0000000,0x00000000c0bb4080,0x00000000c4300000)
 Metaspace       used 23817K, capacity 25700K, committed 25856K, reserved 1073152K
  class space    used 2354K, capacity 3067K, committed 3072K, reserved 1048576K
}
Event: 2,334 GC heap after
{Heap after GC invocations=10 (full 1):
 PSYoungGen      total 27648K, used 4448K [0x00000000eab00000, 0x00000000ecb80000, 0x0000000100000000)
  eden space 23040K, 0% used [0x00000000eab00000,0x00000000eab00000,0x00000000ec180000)
  from space 4608K, 96% used [0x00000000ec200000,0x00000000ec658020,0x00000000ec680000)
  to   space 5120K, 0% used [0x00000000ec680000,0x00000000ec680000,0x00000000ecb80000)
 ParOldGen       total 68608K, used 12793K [0x00000000c0000000, 0x00000000c4300000, 0x00000000eab00000)
  object space 68608K, 18% used [0x00000000c0000000,0x00000000c0c7e4a8,0x00000000c4300000)
 Metaspace       used 23817K, capacity 25700K, committed 25856K, reserved 1073152K
  class space    used 2354K, capacity 3067K, committed 3072K, reserved 1048576K
}
Event: 2,378 GC heap before
{Heap before GC invocations=11 (full 1):
 PSYoungGen      total 27648K, used 27488K [0x00000000eab00000, 0x00000000ecb80000, 0x0000000100000000)
  eden space 23040K, 100% used [0x00000000eab00000,0x00000000ec180000,0x00000000ec180000)
  from space 4608K, 96% used [0x00000000ec200000,0x00000000ec658020,0x00000000ec680000)
  to   space 5120K, 0% used [0x00000000ec680000,0x00000000ec680000,0x00000000ecb80000)
 ParOldGen       total 68608K, used 12793K [0x00000000c0000000, 0x00000000c4300000, 0x00000000eab00000)
  object space 68608K, 18% used [0x00000000c0000000,0x00000000c0c7e4a8,0x00000000c4300000)
 Metaspace       used 23818K, capacity 25700K, committed 25856K, reserved 1073152K
  class space    used 2354K, capacity 3067K, committed 3072K, reserved 1048576K
}
Event: 2,391 GC heap after
{Heap after GC invocations=11 (full 1):
 PSYoungGen      total 27648K, used 4914K [0x00000000eab00000, 0x00000000ecb80000, 0x0000000100000000)
  eden space 22528K, 0% used [0x00000000eab00000,0x00000000eab00000,0x00000000ec100000)
  from space 5120K, 95% used [0x00000000ec680000,0x00000000ecb4cb28,0x00000000ecb80000)
  to   space 5120K, 0% used [0x00000000ec180000,0x00000000ec180000,0x00000000ec680000)
 ParOldGen       total 68608K, used 14565K [0x00000000c0000000, 0x00000000c4300000, 0x00000000eab00000)
  object space 68608K, 21% used [0x00000000c0000000,0x00000000c0e394f8,0x00000000c4300000)
 Metaspace       used 23818K, capacity 25700K, committed 25856K, reserved 1073152K
  class space    used 2354K, capacity 3067K, committed 3072K, reserved 1048576K
}
Event: 2,419 GC heap before
{Heap before GC invocations=12 (full 1):
 PSYoungGen      total 27648K, used 27442K [0x00000000eab00000, 0x00000000ecb80000, 0x0000000100000000)
  eden space 22528K, 100% used [0x00000000eab00000,0x00000000ec100000,0x00000000ec100000)
  from space 5120K, 95% used [0x00000000ec680000,0x00000000ecb4cb28,0x00000000ecb80000)
  to   space 5120K, 0% used [0x00000000ec180000,0x00000000ec180000,0x00000000ec680000)
 ParOldGen       total 68608K, used 14565K [0x00000000c0000000, 0x00000000c4300000, 0x00000000eab00000)
  object space 68608K, 21% used [0x00000000c0000000,0x00000000c0e394f8,0x00000000c4300000)
 Metaspace       used 23819K, capacity 25700K, committed 25856K, reserved 1073152K
  class space    used 2354K, capacity 3067K, committed 3072K, reserved 1048576K
}
Event: 2,440 GC heap after
{Heap after GC invocations=12 (full 1):
 PSYoungGen      total 25088K, used 2688K [0x00000000eab00000, 0x00000000ec780000, 0x0000000100000000)
  eden space 22016K, 0% used [0x00000000eab00000,0x00000000eab00000,0x00000000ec080000)
  from space 3072K, 87% used [0x00000000ec180000,0x00000000ec420010,0x00000000ec480000)
  to   space 3072K, 0% used [0x00000000ec480000,0x00000000ec480000,0x00000000ec780000)
 ParOldGen       total 68608K, used 19470K [0x00000000c0000000, 0x00000000c4300000, 0x00000000eab00000)
  object space 68608K, 28% used [0x00000000c0000000,0x00000000c1303a20,0x00000000c4300000)
 Metaspace       used 23819K, capacity 25700K, committed 25856K, reserved 1073152K
  class space    used 2354K, capacity 3067K, committed 3072K, reserved 1048576K
}
Event: 2,538 GC heap before
{Heap before GC invocations=13 (full 1):
 PSYoungGen      total 25088K, used 24672K [0x00000000eab00000, 0x00000000ec780000, 0x0000000100000000)
  eden space 22016K, 99% used [0x00000000eab00000,0x00000000ec078008,0x00000000ec080000)
  from space 3072K, 87% used [0x00000000ec180000,0x00000000ec420010,0x00000000ec480000)
  to   space 3072K, 0% used [0x00000000ec480000,0x00000000ec480000,0x00000000ec780000)
 ParOldGen       total 68608K, used 19470K [0x00000000c0000000, 0x00000000c4300000, 0x00000000eab00000)
  object space 68608K, 28% used [0x00000000c0000000,0x00000000c1303a20,0x00000000c4300000)
 Metaspace       used 24316K, capacity 26272K, committed 26496K, reserved 1073152K
  class space    used 2393K, capacity 3108K, committed 3200K, reserved 1048576K
}
Event: 2,544 GC heap after
{Heap after GC invocations=13 (full 1):
 PSYoungGen      total 22528K, used 3045K [0x00000000eab00000, 0x00000000ecd80000, 0x0000000100000000)
  eden space 19456K, 0% used [0x00000000eab00000,0x00000000eab00000,0x00000000ebe00000)
  from space 3072K, 99% used [0x00000000ec480000,0x00000000ec779688,0x00000000ec780000)
  to   space 6656K, 0% used [0x00000000ebe00000,0x00000000ebe00000,0x00000000ec480000)
 ParOldGen       total 68608K, used 22284K [0x00000000c0000000, 0x00000000c4300000, 0x00000000eab00000)
  object space 68608K, 32% used [0x00000000c0000000,0x00000000c15c32c0,0x00000000c4300000)
 Metaspace       used 24316K, capacity 26272K, committed 26496K, reserved 1073152K
  class space    used 2393K, capacity 3108K, committed 3200K, reserved 1048576K
}
Event: 2,634 GC heap before
{Heap before GC invocations=14 (full 1):
 PSYoungGen      total 22528K, used 22501K [0x00000000eab00000, 0x00000000ecd80000, 0x0000000100000000)
  eden space 19456K, 100% used [0x00000000eab00000,0x00000000ebe00000,0x00000000ebe00000)
  from space 3072K, 99% used [0x00000000ec480000,0x00000000ec779688,0x00000000ec780000)
  to   space 6656K, 0% used [0x00000000ebe00000,0x00000000ebe00000,0x00000000ec480000)
 ParOldGen       total 68608K, used 22284K [0x00000000c0000000, 0x00000000c4300000, 0x00000000eab00000)
  object space 68608K, 32% used [0x00000000c0000000,0x00000000c15c32c0,0x00000000c4300000)
 Metaspace       used 25989K, capacity 28000K, committed 28416K, reserved 1075200K
  class space    used 2515K, capacity 3236K, committed 3328K, reserved 1048576K
}
Event: 2,637 GC heap after
{Heap after GC invocations=14 (full 1):
 PSYoungGen      total 19968K, used 421K [0x00000000eab00000, 0x00000000ec500000, 0x0000000100000000)
  eden space 19456K, 0% used [0x00000000eab00000,0x00000000eab00000,0x00000000ebe00000)
  from space 512K, 82% used [0x00000000ebe00000,0x00000000ebe69450,0x00000000ebe80000)
  to   space 2560K, 0% used [0x00000000ec280000,0x00000000ec280000,0x00000000ec500000)
 ParOldGen       total 68608K, used 25334K [0x00000000c0000000, 0x00000000c4300000, 0x00000000eab00000)
  object space 68608K, 36% used [0x00000000c0000000,0x00000000c18bdab8,0x00000000c4300000)
 Metaspace       used 25989K, capacity 28000K, committed 28416K, reserved 1075200K
  class space    used 2515K, capacity 3236K, committed 3328K, reserved 1048576K
}

